{
  "RSpec": {
    "coverage": {
      "/home/miker/dev/forecast/spec/models/location_forecast_spec.rb": {
        "lines": [
          1,
          null,
          1,
          1,
          3,
          2,
          2,
          null,
          1,
          1,
          null,
          null,
          1,
          1,
          null,
          null
        ]
      },
      "/home/miker/dev/forecast/spec/rails_helper.rb": {
        "lines": [
          null,
          1,
          1,
          1,
          null,
          1,
          1,
          null,
          null,
          null,
          null,
          null,
          null,
          null,
          null,
          null,
          null,
          null,
          null,
          null,
          null,
          null,
          null,
          null,
          null,
          null,
          null,
          1,
          null,
          0,
          0,
          null,
          1,
          null,
          1,
          null,
          null,
          null,
          null,
          1,
          null,
          null,
          null,
          null,
          null,
          null,
          null,
          null,
          null,
          null,
          null,
          null,
          null,
          null,
          null,
          null,
          null,
          1,
          null,
          null,
          1,
          null,
          null,
          null
        ]
      },
      "/home/miker/dev/forecast/config/environment.rb": {
        "lines": [
          null,
          1,
          null,
          null,
          1
        ]
      },
      "/home/miker/dev/forecast/config/application.rb": {
        "lines": [
          1,
          null,
          1,
          null,
          null,
          null,
          1,
          null,
          1,
          1,
          null,
          1,
          null,
          null,
          null,
          null,
          null,
          null,
          null,
          null,
          null,
          null
        ]
      },
      "/home/miker/dev/forecast/config/boot.rb": {
        "lines": [
          1,
          null,
          1,
          1
        ]
      },
      "/home/miker/dev/forecast/config/environments/test.rb": {
        "lines": [
          1,
          null,
          null,
          null,
          null,
          null,
          null,
          1,
          null,
          null,
          1,
          1,
          null,
          null,
          null,
          null,
          1,
          null,
          null,
          1,
          1,
          null,
          null,
          null,
          null,
          1,
          1,
          1,
          null,
          null,
          1,
          null,
          null,
          1,
          null,
          null,
          1,
          null,
          1,
          null,
          null,
          null,
          null,
          1,
          null,
          null,
          1,
          null,
          null,
          1,
          null,
          null,
          1,
          null,
          null,
          null,
          null,
          null,
          null,
          null
        ]
      },
      "/home/miker/dev/forecast/config/initializers/application_controller_renderer.rb": {
        "lines": [
          null,
          null,
          null,
          null,
          null,
          null,
          null,
          null
        ]
      },
      "/home/miker/dev/forecast/config/initializers/assets.rb": {
        "lines": [
          null,
          null,
          null,
          1,
          null,
          null,
          null,
          null,
          1,
          null,
          null,
          null,
          null,
          null
        ]
      },
      "/home/miker/dev/forecast/config/initializers/backtrace_silencers.rb": {
        "lines": [
          null,
          null,
          null,
          null,
          null,
          null,
          null,
          1
        ]
      },
      "/home/miker/dev/forecast/config/initializers/content_security_policy.rb": {
        "lines": [
          null,
          null,
          null,
          null,
          null,
          null,
          null,
          null,
          null,
          null,
          null,
          null,
          null,
          null,
          null,
          null,
          null,
          null,
          null,
          null,
          null,
          null,
          null,
          null,
          null,
          null,
          null,
          null,
          null,
          null
        ]
      },
      "/home/miker/dev/forecast/config/initializers/cookies_serializer.rb": {
        "lines": [
          null,
          null,
          null,
          null,
          1
        ]
      },
      "/home/miker/dev/forecast/config/initializers/filter_parameter_logging.rb": {
        "lines": [
          null,
          null,
          null,
          1,
          null,
          null
        ]
      },
      "/home/miker/dev/forecast/config/initializers/inflections.rb": {
        "lines": [
          null,
          null,
          null,
          null,
          null,
          null,
          null,
          null,
          null,
          null,
          null,
          null,
          null,
          null,
          null,
          null
        ]
      },
      "/home/miker/dev/forecast/config/initializers/mime_types.rb": {
        "lines": [
          null,
          null,
          null,
          null
        ]
      },
      "/home/miker/dev/forecast/config/initializers/permissions_policy.rb": {
        "lines": [
          null,
          null,
          null,
          null,
          null,
          null,
          null,
          null,
          null,
          null,
          null
        ]
      },
      "/home/miker/dev/forecast/config/initializers/wrap_parameters.rb": {
        "lines": [
          null,
          null,
          null,
          null,
          null,
          null,
          1,
          2,
          null,
          null,
          null,
          null,
          null,
          null
        ]
      },
      "/home/miker/dev/forecast/config/routes.rb": {
        "lines": [
          1,
          null,
          null,
          null,
          1,
          1,
          null,
          null,
          null
        ]
      },
      "/home/miker/dev/forecast/app/helpers/application_helper.rb": {
        "lines": [
          1,
          null
        ]
      },
      "/home/miker/dev/forecast/app/helpers/forecast_helper.rb": {
        "lines": [
          1,
          null
        ]
      },
      "/home/miker/dev/forecast/app/models/location_forecast.rb": {
        "lines": [
          1,
          1,
          null,
          1,
          2,
          null,
          null
        ]
      },
      "/home/miker/dev/forecast/app/models/application_record.rb": {
        "lines": [
          1,
          1,
          null
        ]
      },
      "/home/miker/dev/forecast/spec/models/location_spec.rb": {
        "lines": [
          1,
          null,
          1,
          1,
          null
        ]
      },
      "/home/miker/dev/forecast/app/models/location.rb": {
        "lines": [
          1,
          1,
          null
        ]
      },
      "/home/miker/dev/forecast/spec/models/services/extended_service_spec.rb": {
        "lines": [
          1,
          null,
          1,
          1,
          null
        ]
      },
      "/home/miker/dev/forecast/app/models/services/extended_service.rb": {
        "lines": [
          1,
          1,
          1,
          null,
          null,
          null
        ]
      },
      "/home/miker/dev/forecast/app/models/services/base.rb": {
        "lines": [
          1,
          1,
          1,
          null,
          1,
          6,
          null,
          null,
          1,
          null,
          null,
          null
        ]
      },
      "/home/miker/dev/forecast/spec/models/services/forecast_service_spec.rb": {
        "lines": [
          1,
          null,
          1,
          1,
          null
        ]
      },
      "/home/miker/dev/forecast/app/models/services/forecast_service.rb": {
        "lines": [
          1,
          1,
          1,
          null,
          0,
          null,
          null,
          null,
          null,
          null,
          null,
          1,
          0,
          null,
          null,
          null
        ]
      },
      "/home/miker/dev/forecast/spec/models/services/hourly_service_spec.rb": {
        "lines": [
          1,
          null,
          1,
          1,
          null
        ]
      },
      "/home/miker/dev/forecast/app/models/services/hourly_service.rb": {
        "lines": [
          1,
          1,
          1,
          null,
          null,
          null
        ]
      },
      "/home/miker/dev/forecast/spec/models/services/lat_long_service_spec.rb": {
        "lines": [
          1,
          null,
          1,
          2,
          2,
          null,
          1,
          1,
          null,
          null
        ]
      },
      "/home/miker/dev/forecast/app/models/services/lat_long_service.rb": {
        "lines": [
          1,
          1,
          1,
          2,
          2,
          2,
          null,
          2,
          null,
          2,
          2,
          null,
          2,
          2,
          null,
          null,
          2,
          null,
          null,
          null,
          null,
          null
        ]
      },
      "/home/miker/dev/forecast/spec/models/services/location_service_spec.rb": {
        "lines": [
          1,
          null,
          1,
          3,
          3,
          2,
          3,
          null,
          1,
          1,
          1,
          null,
          null,
          1,
          1,
          1,
          1,
          null,
          null
        ]
      },
      "/home/miker/dev/forecast/app/models/services/location_service.rb": {
        "lines": [
          1,
          1,
          1,
          1,
          2,
          null,
          2,
          null,
          2,
          null,
          null,
          1,
          1,
          1,
          null,
          1,
          null,
          null,
          null,
          null,
          null
        ]
      },
      "/home/miker/dev/forecast/spec/models/services/zone_service_spec.rb": {
        "lines": [
          1,
          null,
          1,
          2,
          2,
          null,
          1,
          1,
          null,
          null
        ]
      },
      "/home/miker/dev/forecast/app/models/services/zone_service.rb": {
        "lines": [
          1,
          1,
          1,
          2,
          2,
          null,
          2,
          2,
          null,
          null,
          null
        ]
      },
      "/home/miker/dev/forecast/spec/requests/forecast_spec.rb": {
        "lines": [
          1,
          null,
          1,
          1,
          1,
          null,
          null
        ]
      }
    },
    "timestamp": 1635542593
  }
}
